proguard/seeds.txt
org.arasthel.almeribus.Almeribus
org.arasthel.almeribus.Almeribus: Almeribus()
org.arasthel.almeribus.Principal
org.arasthel.almeribus.Principal: Principal()
org.arasthel.almeribus.R$array: int distancia_filtro
org.arasthel.almeribus.R$array: int distancia_filtro_values
org.arasthel.almeribus.R$attr: int actionBarDivider
org.arasthel.almeribus.R$attr: int actionBarItemBackground
org.arasthel.almeribus.R$attr: int actionBarSize
org.arasthel.almeribus.R$attr: int actionBarSplitStyle
org.arasthel.almeribus.R$attr: int actionBarStyle
org.arasthel.almeribus.R$attr: int actionBarTabBarStyle
org.arasthel.almeribus.R$attr: int actionBarTabStyle
org.arasthel.almeribus.R$attr: int actionBarTabTextStyle
org.arasthel.almeribus.R$attr: int actionBarWidgetTheme
org.arasthel.almeribus.R$attr: int actionButtonStyle
org.arasthel.almeribus.R$attr: int actionDropDownStyle
org.arasthel.almeribus.R$attr: int actionMenuTextAppearance
org.arasthel.almeribus.R$attr: int actionMenuTextColor
org.arasthel.almeribus.R$attr: int actionModeBackground
org.arasthel.almeribus.R$attr: int actionModeCloseButtonStyle
org.arasthel.almeribus.R$attr: int actionModeCloseDrawable
org.arasthel.almeribus.R$attr: int actionModePopupWindowStyle
org.arasthel.almeribus.R$attr: int actionModeShareDrawable
org.arasthel.almeribus.R$attr: int actionModeSplitBackground
org.arasthel.almeribus.R$attr: int actionModeStyle
org.arasthel.almeribus.R$attr: int actionOverflowButtonStyle
org.arasthel.almeribus.R$attr: int actionSpinnerItemStyle
org.arasthel.almeribus.R$attr: int activatedBackgroundIndicator
org.arasthel.almeribus.R$attr: int activityChooserViewStyle
org.arasthel.almeribus.R$attr: int alignmentMode
org.arasthel.almeribus.R$attr: int background
org.arasthel.almeribus.R$bool: int abs__action_bar_embed_tabs
org.arasthel.almeribus.R$bool: int abs__action_bar_expanded_action_views_exclusive
org.arasthel.almeribus.R$bool: int abs__config_actionMenuItemAllCaps
org.arasthel.almeribus.R$bool: int abs__config_allowActionMenuItemTextWithIcon
org.arasthel.almeribus.R$bool: int abs__config_showMenuShortcutsWhenKeyboardPresent
org.arasthel.almeribus.R$bool: int abs__split_action_bar_is_narrow
org.arasthel.almeribus.R$bool: int default_circle_indicator_centered
org.arasthel.almeribus.R$bool: int default_circle_indicator_snap
org.arasthel.almeribus.R$bool: int default_line_indicator_centered
org.arasthel.almeribus.R$bool: int default_title_indicator_selected_bold
org.arasthel.almeribus.R$bool: int default_underline_indicator_fades
org.arasthel.almeribus.R$color: int abs__background_holo_dark
org.arasthel.almeribus.R$color: int abs__background_holo_light
org.arasthel.almeribus.R$color: int abs__bright_foreground_disabled_holo_dark
org.arasthel.almeribus.R$color: int abs__bright_foreground_disabled_holo_light
org.arasthel.almeribus.R$color: int abs__bright_foreground_holo_dark
org.arasthel.almeribus.R$color: int abs__bright_foreground_holo_light
org.arasthel.almeribus.R$color: int abs__bright_foreground_inverse_holo_dark
org.arasthel.almeribus.R$color: int abs__bright_foreground_inverse_holo_light
org.arasthel.almeribus.R$color: int abs__holo_blue_light
org.arasthel.almeribus.R$color: int abs__primary_text_disable_only_holo_dark
org.arasthel.almeribus.R$color: int abs__primary_text_disable_only_holo_light
org.arasthel.almeribus.R$color: int abs__primary_text_holo_dark
org.arasthel.almeribus.R$color: int abs__primary_text_holo_light
org.arasthel.almeribus.R$color: int default_circle_indicator_fill_color
org.arasthel.almeribus.R$color: int default_circle_indicator_page_color
org.arasthel.almeribus.R$color: int default_circle_indicator_stroke_color
org.arasthel.almeribus.R$color: int default_line_indicator_selected_color
org.arasthel.almeribus.R$color: int default_line_indicator_unselected_color
org.arasthel.almeribus.R$color: int default_title_indicator_footer_color
org.arasthel.almeribus.R$color: int default_title_indicator_selected_color
...
android.support.v13.app.FragmentTabHost: void setOnTabChangedListener(android.widget.TabHost$OnTabChangeListener)
android.support.v13.app.FragmentTabHost$SavedState
android.support.v13.app.FragmentTabHost$SavedState: android.os.Parcelable$Creator CREATOR
android.support.v4.app.BackStackState
android.support.v4.app.BackStackState: android.os.Parcelable$Creator CREATOR
android.support.v4.app.Fragment$SavedState
android.support.v4.app.Fragment$SavedState: android.os.Parcelable$Creator CREATOR
android.support.v4.app.FragmentActivity: FragmentActivity()
android.support.v4.app.FragmentManagerState
android.support.v4.app.FragmentManagerState: android.os.Parcelable$Creator CREATOR
android.support.v4.app.FragmentState
android.support.v4.app.FragmentState: android.os.Parcelable$Creator CREATOR
android.support.v4.app.FragmentTabHost: void setOnTabChangedListener(android.widget.TabHost$OnTabChangeListener)
android.support.v4.app.FragmentTabHost$SavedState
android.support.v4.app.FragmentTabHost$SavedState: android.os.Parcelable$Creator CREATOR
android.support.v4.app.Watson: Watson()
android.support.v4.content.ModernAsyncTask$Status: android.support.v4.content.ModernAsyncTask$Status[] values()
android.support.v4.content.ModernAsyncTask$Status: android.support.v4.content.ModernAsyncTask$Status valueOf(java.lang.String)
android.support.v4.view.PagerTabStrip: void setTabIndicatorColor(int)
android.support.v4.view.PagerTabStrip: void setTabIndicatorColorResource(int)
android.support.v4.view.PagerTabStrip: int getTabIndicatorColor()
android.support.v4.view.PagerTabStrip: void setTextSpacing(int)
android.support.v4.view.PagerTabStrip: void setBackgroundDrawable(android.graphics.drawable.Drawable)
android.support.v4.view.PagerTabStrip: void setBackgroundColor(int)
android.support.v4.view.PagerTabStrip: void setBackgroundResource(int)
android.support.v4.view.PagerTabStrip: void setDrawFullUnderline(boolean)
android.support.v4.view.PagerTabStrip: boolean getDrawFullUnderline()
android.support.v4.view.PagerTabStrip: int getMinHeight()
android.support.v4.view.PagerTitleStrip: void setSingleLineAllCaps(android.widget.TextView)
android.support.v4.view.PagerTitleStrip: void setTextSpacing(int)
android.support.v4.view.PagerTitleStrip: int getTextSpacing()
android.support.v4.view.PagerTitleStrip: void setNonPrimaryAlpha(float)
android.support.v4.view.PagerTitleStrip: void setTextColor(int)
android.support.v4.view.PagerTitleStrip: void setGravity(int)
android.support.v4.view.PagerTitleStrip: int getMinHeight()
android.support.v4.view.ViewPager
android.support.v4.view.ViewPager: ViewPager(android.content.Context)
android.support.v4.view.ViewPager: ViewPager(android.content.Context,android.util.AttributeSet)
android.support.v4.view.ViewPager: void setScrollState(int)
android.support.v4.view.ViewPager: void setAdapter(android.support.v4.view.PagerAdapter)
android.support.v4.view.ViewPager: android.support.v4.view.PagerAdapter getAdapter()
android.support.v4.view.ViewPager: void setOnAdapterChangeListener(android.support.v4.view.ViewPager$OnAdapterChangeListener)
android.support.v4.view.ViewPager: void setCurrentItem(int)
android.support.v4.view.ViewPager: int getCurrentItem()
android.support.v4.view.ViewPager: void setOnPageChangeListener(android.support.v4.view.ViewPager$OnPageChangeListener)
android.support.v4.view.ViewPager: void setChildrenDrawingOrderEnabledCompat(boolean)
android.support.v4.view.ViewPager: int getOffscreenPageLimit()
android.support.v4.view.ViewPager: void setOffscreenPageLimit(int)
android.support.v4.view.ViewPager: void setPageMargin(int)
android.support.v4.view.ViewPager: int getPageMargin()
android.support.v4.view.ViewPager: void setPageMarginDrawable(android.graphics.drawable.Drawable)
android.support.v4.view.ViewPager: void setPageMarginDrawable(int)
android.support.v4.view.ViewPager: void setScrollingCacheEnabled(boolean)