proguard/mapping.txt
org.arasthel.almeribus.Almeribus -> org.arasthel.almeribus.Almeribus:
    void onCreate() -> onCreate
org.arasthel.almeribus.Principal -> org.arasthel.almeribus.Principal:
    boolean necesitaActualizacion -> o
    boolean loaded -> p
    android.content.BroadcastReceiver receiver -> q
    void onCreate(android.os.Bundle) -> onCreate
    void cargarParadas() -> j
    boolean onCreateOptionsMenu(com.actionbarsherlock.view.Menu) -> a
    void onPostCreate(android.os.Bundle) -> onPostCreate
    boolean onOptionsItemSelected(com.actionbarsherlock.view.MenuItem) -> a
    void toggleSlidingMenu() -> k
    void abrirListadoParadas() -> l
    void abrirMapaParadas() -> m
    void abrirMapaParadas(com.google.android.gms.maps.model.LatLng) -> a
    void abrirTarifas() -> n
    void abrirInfo() -> o
    void onSlidingMenuItemSelected() -> p
    void onBackPressed() -> onBackPressed
    void onStart() -> onStart
    void onStop() -> onStop
    void access$0(org.arasthel.almeribus.Principal,boolean) -> a
org.arasthel.almeribus.Principal$1 -> org.arasthel.almeribus.a:
    org.arasthel.almeribus.Principal this$0 -> a
    void onOpened() -> a
org.arasthel.almeribus.Principal$2 -> org.arasthel.almeribus.b:
    org.arasthel.almeribus.Principal this$0 -> a
    void onClosed() -> a
org.arasthel.almeribus.Principal$3 -> org.arasthel.almeribus.c:
    org.arasthel.almeribus.Principal this$0 -> a
    void onClick(android.view.View) -> onClick
org.arasthel.almeribus.Principal$4 -> org.arasthel.almeribus.d:
    org.arasthel.almeribus.Principal this$0 -> a
    void onClick(android.view.View) -> onClick
org.arasthel.almeribus.Principal$5 -> org.arasthel.almeribus.e:
    org.arasthel.almeribus.Principal this$0 -> a
    void onClick(android.view.View) -> onClick
org.arasthel.almeribus.Principal$6 -> org.arasthel.almeribus.f:
    org.arasthel.almeribus.Principal this$0 -> a
    void onClick(android.view.View) -> onClick
org.arasthel.almeribus.Principal$7 -> org.arasthel.almeribus.g:
    org.arasthel.almeribus.Principal this$0 -> a
    void run() -> run
org.arasthel.almeribus.Principal$8 -> org.arasthel.almeribus.h:
    org.arasthel.almeribus.Principal this$0 -> a
    void onReceive(android.content.Context,android.content.Intent) -> onReceive
org.arasthel.almeribus.Principal$CargarInfoParadas -> org.arasthel.almeribus.i:
    org.arasthel.almeribus.Principal this$0 -> a
    java.lang.Boolean doInBackground(android.content.Context[]) -> a
    void onPostExecute(java.lang.Boolean) -> a
    void onPostExecute(java.lang.Object) -> onPostExecute
    java.lang.Object doInBackground(java.lang.Object[]) -> doInBackground
org.arasthel.almeribus.R -> org.arasthel.almeribus.j:
...
com.google.android.gms.internal.au -> com.google.android.gms.internal.u:
    void remove() -> a
    java.lang.String getId() -> b
    void setPosition(com.google.android.gms.maps.model.LatLng) -> a
    com.google.android.gms.maps.model.LatLng getPosition() -> c
    void setDimensions(float) -> a
    void a(float,float) -> a
    float getWidth() -> d
    float getHeight() -> e
    void setPositionFromBounds(com.google.android.gms.maps.model.LatLngBounds) -> a
    com.google.android.gms.maps.model.LatLngBounds getBounds() -> f
    void setBearing(float) -> b
    float getBearing() -> g
    void setZIndex(float) -> c
    float getZIndex() -> h
    void setVisible(boolean) -> a
    boolean isVisible() -> i
    void setTransparency(float) -> d
    float getTransparency() -> j
    boolean a(com.google.android.gms.internal.au) -> a
    int hashCodeRemote() -> k
com.google.android.gms.internal.au$a -> com.google.android.gms.internal.v:
    com.google.android.gms.internal.au p(android.os.IBinder) -> a
    boolean onTransact(int,android.os.Parcel,android.os.Parcel,int) -> onTransact
com.google.android.gms.internal.au$a$a -> com.google.android.gms.internal.w:
    android.os.IBinder b -> a
    android.os.IBinder asBinder() -> asBinder
    void remove() -> a
    java.lang.String getId() -> b
    void setPosition(com.google.android.gms.maps.model.LatLng) -> a
    com.google.android.gms.maps.model.LatLng getPosition() -> c
    void setDimensions(float) -> a
    void a(float,float) -> a
    float getWidth() -> d
    float getHeight() -> e
    void setPositionFromBounds(com.google.android.gms.maps.model.LatLngBounds) -> a
    com.google.android.gms.maps.model.LatLngBounds getBounds() -> f
    void setBearing(float) -> b
    float getBearing() -> g
    void setZIndex(float) -> c
    float getZIndex() -> h
    void setVisible(boolean) -> a
    boolean isVisible() -> i
    void setTransparency(float) -> d
    float getTransparency() -> j
    boolean a(com.google.android.gms.internal.au) -> a
    int hashCodeRemote() -> k
com.google.android.gms.internal.av -> com.google.android.gms.internal.x:
    com.google.android.gms.maps.model.Tile getTile(int,int,int) -> a
com.google.android.gms.internal.av$a -> com.google.android.gms.internal.y:
    com.google.android.gms.internal.av L(android.os.IBinder) -> a
    android.os.IBinder asBinder() -> asBinder
    boolean onTransact(int,android.os.Parcel,android.os.Parcel,int) -> onTransact
com.google.android.gms.internal.av$a$a -> com.google.android.gms.internal.z:
    android.os.IBinder b -> a
    android.os.IBinder asBinder() -> asBinder
    com.google.android.gms.maps.model.Tile getTile(int,int,int) -> a
com.google.android.gms.internal.aw -> com.google.android.gms.internal.aa:
    void b(com.google.android.gms.dynamic.LifecycleDelegate) -> a
com.google.android.gms.internal.ax -> com.google.android.gms.internal.ax:
    java.util.HashMap h() -> a
    java.lang.Object f(java.lang.String) -> a
    boolean a(com.google.android.gms.internal.ax$a) -> a
    boolean g(java.lang.String) -> b
    boolean q(java.lang.String) -> c
    boolean r(java.lang.String) -> d
    java.lang.Object a(com.google.android.gms.internal.ax$a,java.lang.Object) -> a
    java.util.HashMap aw() -> E
    java.util.HashMap ax() -> F
    java.lang.String toString() -> toString
    java.lang.Object b(com.google.android.gms.internal.ax$a) -> b
    void a(java.lang.StringBuilder,com.google.android.gms.internal.ax$a,java.lang.Object) -> a
    void a(java.lang.StringBuilder,com.google.android.gms.internal.ax$a,java.util.ArrayList) -> a
    java.lang.String s(java.lang.String) -> e