proguard/usage.txt
org.arasthel.almeribus.BuildConfig
org.arasthel.almeribus.Manifest
org.arasthel.almeribus.Manifest$permission
org.arasthel.almeribus.R:
    10:10:public R()
org.arasthel.almeribus.R$array
org.arasthel.almeribus.R$attr
org.arasthel.almeribus.R$bool
org.arasthel.almeribus.R$color
org.arasthel.almeribus.R$dimen
org.arasthel.almeribus.R$drawable
org.arasthel.almeribus.R$id
org.arasthel.almeribus.R$integer
org.arasthel.almeribus.R$layout
org.arasthel.almeribus.R$menu
org.arasthel.almeribus.R$string
org.arasthel.almeribus.R$style
org.arasthel.almeribus.R$styleable:
    2195:2195:public R$styleable()
org.arasthel.almeribus.fragments.ListaParadasFragment:
    116:116:public int getTipoListaParadas()
org.arasthel.almeribus.interfaces.FiltroBuscarParadas:
    35:38:public void setProximidad(int)
    57:60:public void addLineas(java.util.Collection)
org.arasthel.almeribus.interfaces.Linea:
    21:22:public void setParadas(java.util.ArrayList)
    35:36:public void setNumero(int)
org.arasthel.almeribus.interfaces.Parada:
    28:36:public Parada(int,java.lang.String,java.lang.String)
    51:52:public void setId(int)
    63:66:public int getAnterior(int)
    85:85:public int getLinea(int)
    99:103:public boolean removeLinea(int)
    107:108:public void clearLineas()
org.arasthel.almeribus.utils.DataStorage:
    9:9:public DataStorage()
org.arasthel.almeribus.utils.DatabaseHelper:
    166:185:public void createDatabase()
org.arasthel.almeribus.utils.GPS
org.arasthel.almeribus.utils.GPS$LocationChangeListener
org.arasthel.almeribus.utils.LoadParadaInfo:
    public static final int NO_DATOS
    public static final int ERROR_IO
    31:31:public LoadParadaInfo()
org.arasthel.almeribus.utils.ReadData
org.arasthel.almeribus.widgets.ImagenParada:
    25:27:public ImagenParada(android.content.Context,android.util.AttributeSet)
    67:67:public boolean isActivado()
...
android.support.v4.widget.SearchViewCompatHoneycomb$1
android.support.v4.widget.SearchViewCompatHoneycomb$2
android.support.v4.widget.SearchViewCompatHoneycomb$OnCloseListenerCompatBridge
android.support.v4.widget.SearchViewCompatHoneycomb$OnQueryTextListenerCompatBridge
android.support.v4.widget.SearchViewCompatIcs
android.support.v4.widget.SearchViewCompatIcs$MySearchView
android.support.v4.widget.SimpleCursorAdapter
android.support.v4.widget.SimpleCursorAdapter$CursorToStringConverter
android.support.v4.widget.SimpleCursorAdapter$ViewBinder
android.support.v7.gridlayout.R
android.support.v7.gridlayout.R$attr
android.support.v7.gridlayout.R$dimen
android.support.v7.gridlayout.R$id
android.support.v7.gridlayout.R$styleable
android.support.v7.widget.GridLayout
android.support.v7.widget.GridLayout$1
android.support.v7.widget.GridLayout$2
android.support.v7.widget.GridLayout$3
android.support.v7.widget.GridLayout$4
android.support.v7.widget.GridLayout$5
android.support.v7.widget.GridLayout$6
android.support.v7.widget.GridLayout$6$1
android.support.v7.widget.GridLayout$7
android.support.v7.widget.GridLayout$Alignment
android.support.v7.widget.GridLayout$Arc
android.support.v7.widget.GridLayout$Assoc
android.support.v7.widget.GridLayout$Axis
android.support.v7.widget.GridLayout$Axis$1
android.support.v7.widget.GridLayout$Bounds
android.support.v7.widget.GridLayout$Interval
android.support.v7.widget.GridLayout$LayoutParams
android.support.v7.widget.GridLayout$MutableInt
android.support.v7.widget.GridLayout$PackedMap
android.support.v7.widget.GridLayout$Spec
android.support.v7.widget.Space
android.support.v7.widget.ViewGroup
com.actionbarsherlock.ActionBarSherlock:
    protected static final java.lang.String TAG
    protected static final boolean DEBUG
    public static final int FLAG_DELEGATE
    143:143:public static boolean unregisterImplementation(java.lang.Class)
    155:155:public static com.actionbarsherlock.ActionBarSherlock wrap(android.app.Activity)
    255:260:protected ActionBarSherlock(android.app.Activity,int)
    public abstract boolean hasFeature(int)
    public abstract boolean requestFeature(int)
    public abstract void setUiOptions(int)
    public abstract void setUiOptions(int,int)
    public abstract void setTitle(java.lang.CharSequence)
    703:704:public void setTitle(int)
    public abstract void setProgressBarVisibility(boolean)
    public abstract void setProgressBarIndeterminateVisibility(boolean)
    public abstract void setProgressBarIndeterminate(boolean)
    public abstract void setProgress(int)
    public abstract void setSecondaryProgress(int)
    public abstract com.actionbarsherlock.view.ActionMode startActionMode(com.actionbarsherlock.view.ActionMode$Callback)
com.actionbarsherlock.ActionBarSherlock$Implementation:
    public static final int DEFAULT_API
    public static final int DEFAULT_DPI
com.actionbarsherlock.ActionBarSherlock$OnActionModeFinishedListener
com.actionbarsherlock.ActionBarSherlock$OnActionModeStartedListener
com.actionbarsherlock.R:
    9:9:public R()
com.actionbarsherlock.R$attr:
    482:482:public R$attr()
com.actionbarsherlock.R$bool:
    581:581:public R$bool()
com.actionbarsherlock.R$color
com.actionbarsherlock.R$dimen:
    589:589:public R$dimen()
com.actionbarsherlock.R$drawable
com.actionbarsherlock.R$id:
    10:10:public R$id()
com.actionbarsherlock.R$integer:
    154:154:public R$integer()
com.actionbarsherlock.R$layout:
    189:189:public R$layout()
com.actionbarsherlock.R$string:
    172:172:public R$string()
com.actionbarsherlock.R$style
com.actionbarsherlock.R$styleable:
    216:216:public R$styleable()